<unk>
<s>
</s>
.
a
abandon
abandoned
abandoning
abandonment
abatement
abbreviation
abduction
abetting
ability
abnormal
aboriginal
about
above
abridged
abridgement
abroad
abrogated
absconded
absconding
absence
absences
absent
absentee
absentia
absolute
abstain
abstract
abstracts
abuse
acceleration
accept
acceptable
acceptance
accepted
accepting
acceptor
access
accessibility
accessible
accessing
accessories
accessory
accident
accidents
accommodation
accompanied
accompaniment
accompany
accompanying
accord
accordance
accorded
according
account
accountability
accountable
accountant
accounting
accounts
accreditation
accredited
accrual
accrued
accrues
accruing
accumulated
accumulation
accuracy
accurate
accused
acknowledged
acknowledgement
acknowledgment
acknowledgments
acquire
acquired
acquires
acquiring
acquisition
acquisitions
acquittal
acre
acss
act
acted
acting
action
actionable
actions
activation
active
activities
activity
acts
actual
actually
actuarial
actuary
acute
acutely
adapt
adaptation
adaptations
adapted
adaptive
add
added
addendum
adding
addition
additional
additions
additives
address
addressed
addresses
adduce
adduced
adequacy
adequate
adhesive
adjacent
adjoining
adjourn
adjourned
adjournment
adjournments
adjudged
adjudication
adjudicative
adjudicator
adjudicators
adjust
adjustable
adjusted
adjustment
adjustments
administer
administered
administering
administration
administrative
administrator
administrators
admiralty
admissibility
admissible
admission
admissions
admit
admitted
admitting
adopted
adoptees
adoption
adult
adults
advance
advanced
advances
advantage
adventure
adverse
adversely
advertised
advertisement
advertisements
advertiser
advertising
advice
advise
adviser
advisers
advising
advisor
advisory
advocate
advocates
advocating
aerial
aerodrome
aerodromes
aeronautical
aeronautics
aerosols
affairs
affect
affected
affecting
affidavit
affidavits
affiliate
affiliated
affiliates
affiliation
affirmation
affirmations
affirmative
affixing
affordable
afghanistan
african
after
again
against
age
aged
agencies
agency
agent
agents
aggravated
aggravating
aggregate
aggrieved
agree
agreed
agreement
agreements
agricultural
agriculture
ahead
aid
aiding
aids
air
aircraft
airport
alarm
alarms
alberta
alcohol
alcoholic
alienation
alignment
alimony
all
allegation
allegations
alleged
allegiance
allied
allocate
allocated
allocating
allocation
allocations
allogeneic
allotments
allow
allowable
allowance
allowances
allowed
allowing
alone
already
alter
alteration
alterations
altering
alternate
alternative
alternatives
always
amalgamate
amalgamated
amalgamation
amalgamations
amateur
ambulatory
amend
amended
amending
amendment
amendments
amends
american
amersham
amin
ammonia
ammunition
amnesty
among
amortization
amortized
amount
amounts
amputation
amputations
an
analogy
analyses
analysis
analyst
analysts
analytical
analyzer
ancillary
and
andor
angle
animal
animals
annex
anniversary
announcement
annual
annually
annuitant
annuities
annuity
annul
annulling
annulment
anonymous
another
answer
answering
answers
anti
anticipated
antique
any
anything
anywhere
apart
apparatus
apparel
appeal
appealed
appeals
appear
appearance
appearances
appearing
appears
appellant
appellants
appellate
appendices
appliance
appliances
applicability
applicable
applicant
applicants
application
applications
applied
applies
apply
applying
appoint
appointed
appointee
appointees
appointing
appointment
appointments
apportionment
appraisal
appraisers
apprehension
apprentice
apprentices
apprenticeship
approach
appropriate
appropriated
appropriation
appropriations
approval
approvals
approve
approved
april
aquaculture
aquatic
arbitral
arbitration
arbitrator
arbitrators
architectural
archive
archives
archivist
arctic
are
area
areas
argument
arising
arm
armed
arms
army
arranged
arrangement
arrangements
arrears
arrest
arrested
arresting
arrival
arriving
arson
art
article
articles
artificial
artistic
artists
arts
as
ascertain
ascertainable
ascertained
ascertainment
aside
aspects
assault
assaulting
assembly
assent
assented
assert
assertions
assess
assessable
assessed
assessing
assessment
assessments
assessor
assessors
asset
assets
assign
assignable
assigned
assignee
assignees
assigning
assignment
assignments
assist
assistance
assistant
assistants
assisted
assisting
associate
associated
associates
association
associations
assumed
assumption
assumptions
assurance
assurances
at
athlete
athletic
atlantic
attached
attachment
attachments
attack
attained
attempt
attempts
attend
attendance
attended
attending
attestation
attested
attesting
attorney
attorneys
attributable
attributed
attributes
attribution
auction
auctioneer
auctions
audible
audio
audit
audited
auditing
auditor
auditors
audits
augmentation
august
aut
authenticating
authentication
authenticity
author
authoritative
authorities
authority
authorization
authorizations
authorize
authorized
authorizing
authors
authorship
autologous
automated
automatic
automatically
automobile
automobiles
aux
auxiliary
availability
available
average
averaging
aviation
avoid
avoidance
avoided
avoiding
award
awarded
awarding
awards
awareness
away
b
back
background
backup
bad
badge
bag
baggage
bail
bailee
balance
balanced
balances
ballast
ballasts
ballot
ballots
ban
band
bands
bank
banker
banking
bankrupt
bankruptcies
bankruptcy
banks
bar
bare
bargain
bargaining
barracks
barred
barriers
barring
barristers
barter
base
based
baselines
bases
basic
basis
basques
bassinet
bassinets
batch
batches
bawdy
bay
bayonne
bch
be
beam
bearer
bearing
beaufort
because
become
becomes
becoming
bed
beds
been
beer
before
beginning
begins
behalf
behaviour
being
belief
beliefs
believe
belong
belonging
below
belt
belts
bench
beneficial
beneficially
beneficiaries
beneficiary
benefit
benefits
bequest
bereavement
berne
best
bestiality
bet
bets
better
betting
between
beverage
beverages
bias
bid
bidding
bids
bilge
bilingual
bilingualism
bill
billing
billion
bills
binding
binds
binned
biochemical
biocrude
biohazardous
biological
biometric
biopolymer
birds
birth
black
blackout
blank
blended
blending
blind
blood
board
boarding
boards
boat
boats
bodies
bodily
body
boiler
boilers
bolts
bombardier
bond
bonded
bonding
bonds
bonus
bonuses
book
books
booster
border
born
borrow
borrowed
borrower
borrowers
borrowing
borrowings
both
bottle
bottling
bound
boundaries
boundary
box
boxes
bracco
braking
branch
branches
brand
brands
bratwurste
breach
breaches
break
breakdown
breaking
breath
breed
breeder
breeders
breeding
breeds
brewer
brewing
bribe
bribery
bribes
bridge
bridges
bridging
brief
briefing
briefs
bring
bringing
bristol
british
broadcast
broadcasting
broadcasts
brochures
broken
broker
bromide
brother
brought
brunswick
buckles
budget
budgets
builder
building
buildings
built
bulk
bulletin
bulletins
burden
bureau
burial
burn
burning
bursaries
bus
buses
business
businesses
but
buy
buyer
buyers
by
bylaws
c
cables
cadastral
cadets
cadmium
calculated
calculating
calculation
calculations
calendar
calibration
call
called
calling
calls
camera
camp
campaign
can
canada
canadair
canadian
canadians
canals
cancel
cancellation
cancelled
cancelling
cancels
candidacy
candidate
candidates
cannabis
canpass
cap
capability
capacitors
capacity
capita
capital
capitalization
caps
capsule
captain
capture
car
carbon
carcasses
card
cards
care
career
caregiver
careless
cargo
cargoes
carleton
carp
carpet
carriage
carried
carrier
carriers
carries
carry
carryback
carrying
carryover
cars
cartons
case
cases
cash
cashing
casks
cast
casting
casual
casualty
categories
category
cattle
caucus
cause
caused
causes
causing
cautions
caveat
cavity
cc
ccct
ccpc
ccpcs
cdrp
cease
ceased
ceases
ceasing
cefta
ceiling
cell
cells
cemetery
cems
census
cent
central
centre
cents
certain
certainty
certificate
certificates
certification
certified
certify
certifying
ces
cessation
cession
ceta
ceut
cfcs
cfl
cfr
chair
chairman
chairperson
chairpersons
chairs
challenge
challenges
chamber
chambers
chance
change
changeable
changed
changes
changing
channel
chapter
chapters
character
characteristics
characterization
characters
charge
chargeable
charged
charges
charging
charitable
charities
charity
chars
charter
chartered
charts
chattels
cheating
check
checked
checks
chemical
chemicals
chemist
cheque
cheques
chief
child
children
chile
choice
choices
choose
chronological
ciat
cifta
cigar
cigarettes
cigars
cinematographic
circonstances
circuit
circuits
circular
circulating
circulation
circumstance
circumstances
circumventing
circumvention
citation
citizen
citizens
citizenship
civil
civilian
claim
claimant
claimants
claimed
claiming
claims
clarification
clarifications
clarity
class
classes
classification
classifications
classified
clause
clauses
clean
cleaning
clear
clearance
clearances
clearer
clearers
clearing
clerical
clerk
clerks
client
climate
clinker
close
closed
closely
closing
closure
clothes
clothing
club
clubs
cmac
cn
cnr
co
coal
coast
coastal
coasting
coating
code
codes
coefficient
cohabitation
cohabited
cohabiting
coin
coins
collaboration
collateral
collect
collected
collecting
collection
collective
collectively
collector
collects
collision
collusion
colombia
colonel
colour
colouring
colt
columbia
column
combination
combinations
combined
combining
combustible
combustion
come
comes
coming
command
commander
commanding
commemorative
commence
commenced
commencement
commences
commencing
comment
comments
commerce
commercial
commercially
commission
commissioned
commissioner
commissioners
commissions
commit
commitment
commitments
committal
committed
committee
committees
committing
commodities
commodity
common
commons
commonwealth
communal
communicable
communicate
communicated
communicating
communication
communications
communiques
communities
community
commutation
commute
commuted
commuter
companies
company
comparable
comparative
comparison
compartments
compassionate
compatibility
compatible
compel
compellable
compelled
compelling
compensable
compensating
compensation
compensatory
competency
competent
competition
competitions
competitive
competitors
compilation
compilations
complain
complainant
complainants
complaint
complaints
complementary
complete
completed
completing
completion
complex
compliance
compliant
complied
comply
complying
component
components
composite
composition
compound
compounded
compounds
comprehensive
compressors
compromise
comptroller
compulsion
compulsory
computation
computed
computer
computers
computing
concealed
concealing
concealment
concentrate
concentration
concern
concerned
concerning
concerns
concert
concessions
conciliation
conciliator
conciliators
concluded
conclusion
conclusions
conclusive
concurred
concurrence
concurrent
condemnation
condition
conditional
conditioner
conditioning
conditions
condominium
conduct
conducted
conducting
conduits
confer
conference
conferences
conferral
conferred
confidence
confidences
confidential
confidentiality
configuration
confined
confinement
confirm
confirmation
confirmed
confirming
confiscation
conflict
conflicting
conflicts
conform
conforming
conformity
confusing
confusion
conjointly
connected
connecting
connection
connections
consecutive
consecutively
consensus
consent
consents
consequence
consequences
consequential
conservation
conservatory
conserved
consider
consideration
considerations
considered
considers
consignee
consignment
consignor
consignors
consist
consistency
consistent
consisting
consolidate
consolidated
consolidation
conspiracy
constable
constables
constituents
constitute
constituted
constitutes
constituting
constitution
constitutional
constrained
constraining
constraint
constraints
construct
constructed
constructing
construction
constructive
construed
consular
consult
consultation
consultations
consultative
consumed
consumer
consumption
contact
contactable
contacting
contain
contained
container
containers
containing
containment
contaminants
contaminated
contamination
contempt
content
contents
contest
contestant
contestants
contestation
contesting
contests
contiguous
continental
contingency
contingent
continuance
continuation
continuations
continue
continued
continues
continuing
continuity
continuous
contract
contracted
contracting
contractor
contractors
contracts
contractual
contradictory
contrary
contrast
contravened
contravening
contravention
contraventions
contribute
contributed
contributing
contribution
contributions
contributor
contributories
contributors
contributory
control
controlled
controllers
controlling
controls
convalescing
convened
convenience
convening
convention
conventional
conventions
conversion
converted
convertible
converting
convey
conveyance
conveyances
conveying
convicted
conviction
convictions
cooled
cooperate
cooperation
cooperative
cooperatives
coordinate
coordinated
coordinates
coordinating
coordination
coordinator
coordinators
copies
copy
copying
copyright
copyrights
cord
cords
core
corner
corollary
coroner
coroners
corporate
corporation
corporations
corpus
correct
corrected
correcting
correction
correctional
corrections
corrective
correspondence
correspondent
corresponding
corridor
corroboration
corrosion
corrosive
corrupt
corrupting
cosmetic
cosmetics
cost
costa
costs
council
councillor
councillors
councils
counsel
counselling
count
countable
counted
counter
counterclaim
counterclaims
counterfeit
counterfeiting
counterfoils
countervailing
counting
countries
country
counts
couples
coupon
coupons
courier
course
courses
court
courts
covenant
covenants
cover
coverage
covered
covering
covers
covert
cpp
cppqpp
cradle
cradles
craft
crankcase
create
created
creating
creation
creator
credential
credentials
credibility
credible
credit
credited
crediting
creditor
creditors
credits
cree
creek
crew
crf
crib
cribs
crime
crimes
criminal
criminality
criminally
criminals
criteria
criterion
critical
critically
crop
crops
cross
crossed
crossing
crossings
crotch
crown
crt
cruel
csis
ct
culpable
cultural
cumulative
currencies
currency
current
custodial
custodian
custody
custom
customary
customer
customers
customs
cut
cvmss
cycle
cylindrical
d
da
daily
dairy
damage
damaged
damages
danger
dangerous
data
database
date
dates
day
daylight
days
de
deactivated
deactivation
dead
deadline
deadlines
deadweight
deal
dealer
dealers
dealing
dealings
dealt
death
deaths
debarred
debate
debentures
debit
debited
debris
debt
debtor
debtors
debts
deceased
december
deception
deceptive
decertification
decide
decided
decides
deciding
decision
decisions
decisive
deck
declaration
declarations
declaratory
declare
declared
declaring
decline
declines
declining
decommissioning
decontamination
decorum
decrease
dedicated
deduct
deducted
deductibility
deductible
deducting
deduction
deductions
deductive
deed
deeds
deemed
deeming
defacement
defacing
defamation
defamatory
default
defaulting
defaults
defeasible
defeat
defect
defective
defects
defence
defences
defendant
defendants
defense
deferment
deferral
deferred
deficiencies
deficiency
deficient
deficit
deficits
define
defined
defining
definition
definitions
definitive
defraud
degree
degrees
delay
delayed
delays
delegate
delegated
delegates
delegation
deleterious
deletion
deletions
deline
deliver
delivered
deliveries
delivery
demand
demande
demanded
demands
demise
demolition
demonstrate
demonstration
demotion
denatured
denial
denied
denomination
denominations
density
dental
denying
depart
department
departmental
departments
departure
dependant
dependants
dependent
depleting
depletion
deploy
deployment
deployments
deponent
deponents
deposit
deposited
depositing
depositions
depositors
depository
deposits
depreciable
depreciation
deprived
deputed
deputies
deputing
deputy
deregistered
deregistration
derivative
derivatives
derived
derogation
des
described
describing
description
descriptions
descriptive
deserter
desertion
design
designate
designated
designating
designation
designations
designators
designed
designs
desk
despite
destination
destined
destroyed
destroying
destruction
destructive
detached
details
detain
detained
detaining
detected
detection
detention
deteriorated
deterioration
determination
determinations
determinative
determine
determined
determines
determining
detonating
detrimental
development
developments
deviation
device
devices
devolve
devoting
diagnostic
diagnostics
diamonds
die
dies
diesel
difference
differences
different
differentiation
differing
digital
diligence
diligently
dilution
dimensions
diminishing
diminution
diplomatic
diplomats
direct
directed
directing
direction
directional
directions
directive
directives
directly
director
directorate
directors
directory
directs
disabilities
disability
disabled
disaggregation
disagreement
disagreements
disallow
disallowance
disallowed
disappearance
disapproval
disaster
disbursement
disbursements
discharge
discharged
discharges
discharging
disciplinary
discipline
disclaim
disclaimer
disclose
disclosed
disclosing
disclosure
disclosures
disconnected
discontinuance
discontinuation
discontinue
discontinued
discount
discounter
discovery
discrepancies
discrepancy
discretion
discretionary
discrimination
discriminatory
discuss
discussion
discussions
disease
diseased
diseases
disentitlement
dishonour
dishonoured
disinfection
disinfestation
disintegration
dismantled
dismiss
dismissal
dismissed
dismissing
disobedience
disobeying
disorder
dispensation
dispensed
dispensing
dispersible
display
displayed
displaying
disposal
dispose
disposed
disposing
disposition
dispositions
dispute
disputed
disputes
disqualification
disqualifications
disqualified
disregarded
disruption
dissatisfaction
dissemination
dissent
dissenter
dissenters
dissolution
dissolve
dissolved
distance
distillate
distillery
distilling
distinct
distinctions
distinctive
distinguishable
distinguishing
distress
distribute
distributed
distributing
distribution
distributions
distributor
district
districts
disturbance
disturbances
diversion
diversions
diversity
diverted
divesting
divestiture
divestment
divided
dividend
dividends
divisible
division
divisional
divisions
divorce
dna
do
dock
docks
document
documentary
documentation
documented
documents
does
dollar
dollars
domestic
domicile
dominion
donated
donation
donations
done
donee
donor
donors
dosage
dose
double
doubt
doubtful
down
downward
dprk
dpsp
draft
drafts
drag
drawback
drawbacks
drawee
drawer
drawing
drawings
dredged
dredging
dress
dried
drilling
drills
drinking
driver
driving
drop
dropping
drug
drugs
dry
dryer
dtc
du
dual
due
dues
duly
dumped
dumping
dunnage
duplicate
duplicates
duplication
durability
duration
during
dutiable
duties
duty
dwelling
dwellings
dying
dynamic
e
each
earlier
early
earn
earned
earnings
earp
easements
east
ec
ecological
economic
economy
ecosystem
ed
edges
edited
editing
education
educational
edward
effect
effected
effective
effectiveness
effects
efficiency
effluent
efforts
ei
eighteen
either
eject
eldorado
elect
elected
electing
election
elections
elective
elector
electoral
electors
electric
electrical
electrically
electricity
electrochemical
electromagnetic
electronic
electronically
elects
element
elements
elevation
elevator
elevators
eligibility
eligible
eliminate
eliminating
elimination
elsewhere
email
emblem
emblems
embryo
embryos
emergencies
emergency
emigration
emission
emissions
employed
employee
employees
employer
employers
employment
empowered
emptive
en
enable
enact
enacted
enactment
enactments
enclosed
encourage
encryption
encumbrances
end
endangered
endangering
endeavour
ending
endorsed
endorsee
endorsement
endorsements
endorser
endorsing
endowment
ends
enemy
energy
enforce
enforceability
enforceable
enforced
enforcement
enforcing
engage
engaged
engagement
engaging
engine
engineer
engineering
engineers
engines
england
english
enhanced
enhancement
enjoin
enlargement
enlist
enlisted
enlistment
enquiry
enrolled
enrollment
enrolment
ensure
entanglement
enter
entered
entering
enterprise
enterprises
entertainment
entire
entirely
entite
entities
entitled
entitlement
entitlements
entitling
entity
entrance
entrants
entrapment
entree
entrepreneurs
entries
entry
envelope
envelopes
environment
environmental
epa
ephemeral
epsp
equal
equality
equalization
equalized
equally
equals
equipment
equipped
equitable
equitably
equities
equity
equivalency
equivalent
eritrea
erroneous
error
errors
escalator
escape
escaping
escort
essential
establish
established
establishing
establishment
establishments
estate
estates
estimate
estimated
estimates
et
etc
ethical
ethics
eu
evading
evaluation
evaluations
evasion
event
events
every
evidence
evidencing
evidentiary
evolving
ex
examination
examinations
examine
examined
examiner
examiners
examining
excavation
exceed
exceeded
exceeding
exceeds
except
excepted
exception
exceptional
exceptions
excess
excessive
exchange
exchanged
exchanges
excise
exclude
excluded
excluding
exclusion
exclusions
exclusive
exclusively
exculpation
excuse
excused
excuses
excusing
execute
executed
executing
execution
executive
executives
exempt
exempted
exempting
exemption
exemptions
exercisable
exercise
exercised
exercises
exercising
exhaust
exhaustion
exhibition
exhibitors
exhibits
exigent
exist
existence
existing
exists
exit
exits
exonerated
expanded
expansion
expected
expedited
expediting
expedition
expeditious
expeditiously
expelled
expended
expenditure
expenditures
expense
expenses
experience
experimental
expert
expertise
experts
expiration
expired
expires
expiring
expiry
explain
explanation
exploitation
exploration
explosion
explosive
explosives
export
exportation
exported
exporter
exporters
exporting
exports
exposed
exposure
express
expressed
expression
expressions
expropriate
expropriated
expropriating
expropriation
expulsion
extant
extend
extended
extending
extension
extensions
extensive
extent
external
externally
extinguished
extinguishers
extinguishing
extinguishment
extortion
extra
extract
extracts
extradition
extrajudicial
extraneous
extraordinary
extraterritorial
eye
f
fabricating
fabrication
face
facilitation
facilities
facility
facing
facsimile
facsimiles
fact
factor
factors
factory
facts
factual
factum
factums
fail
failing
fails
failure
failures
fair
fairing
fairness
faith
fall
falling
false
falsely
falsification
falsifying
family
fan
fapi
fares
farm
farmer
farmers
farming
farms
fast
fault
favour
favourable
fax
fear
feasible
features
february
fede
federal
federally
fee
feed
feeder
feedstock
fees
fellows
female
females
fencing
ferment
ferry
fewer
fiat
fibre
fictional
fidelity
fiduciary
field
fifteen
fifty
file
filed
files
filing
filings
fill
filled
filling
film
filmed
films
filtration
final
finalization
finance
financial
financing
finders
finding
findings
finds
fine
fines
fingerprints
finished
fire
firearm
firearms
firecrackers
fires
fireworks
firing
firm
first
fiscal
fish
fisheries
fishermen
fishers
fishery
fishing
fissile
fit
fitness
fitting
fittings
five
fix
fixation
fixed
fixing
fixtures
flag
flame
flammability
flammable
flammables
flap
flash
flat
fleet
fleets
flexible
flight
flights
floating
floor
flow
flushing
flux
fly
flying
foam
focal
folding
follow
followed
following
font
food
footnotes
footprint
for
forbearance
forbidding
force
forced
forces
forcible
foregone
foreign
forensic
forest
forfeit
forfeited
forfeiture
forfeitures
forged
forgery
forging
forgiven
forgiveness
form
formal
formalities
format
formation
formats
formed
former
formerly
forming
forms
formula
formulate
formulation
formulations
forthwith
forward
forwarded
forwarding
fossil
fouling
found
foundation
four
fourteen
fraction
fractional
fractions
frame
framework
francs
fraternal
fraud
frauds
fraudulent
fraudulently
free
freedom
freedoms
freeze
freezing
freight
french
frequency
fresh
friend
friendly
frisk
frivolous
from
frontier
fuel
fuelling
fuels
full
fully
function
functional
functioning
functions
fund
fundamental
funding
fundraising
funds
funeral
fungible
furlough
furnish
furnished
furnishing
furniture
further
future
g
gain
gains
game
games
gametes
gaming
gap
garbage
garnishee
garnisheed
garnishment
gas
gaseous
gasification
gasoline
gate
gathering
gazette
gazetted
gazetting
gear
gels
gender
general
generally
generated
generation
generic
genetic
genocide
genuine
genuineness
geochemistry
geodetic
geographic
geographical
geological
geophysical
geophysics
get
gift
gifts
give
given
gives
giving
gluten
go
goals
going
gold
good
goods
goodwill
got
governed
governing
government
governmental
governments
governor
governors
gpt
grace
grade
grades
graduated
grain
grandchild
grandfathered
grandfathering
grant
granted
granting
grants
grass
gratuity
gravity
great
greater
grid
grids
grievance
grievances
grieve
grip
gross
ground
grounds
group
groupe
grouped
grouping
groups
guarantee
guaranteed
guarantees
guarantor
guardian
guardians
guidance
guide
guided
guideline
guidelines
guiding
guilt
guilty
gun
gwich
h
habeas
habitat
had
hague
hair
half
halifax
hamburg
hand
handguns
handling
hands
handwriting
hang
harassment
harbour
harbours
hard
hardship
harm
harmful
harmonization
harmonized
harvesting
has
hatches
hatred
have
having
hazard
hazardous
hazards
hcfc
hcfcs
he
head
heading
headquarters
heads
health
hear
heard
hearing
hearings
hearsay
heat
heated
heaters
heating
heavy
hedging
height
heights
heirs
held
her
herd
heritage
hfc
hfcs
hhv
high
higher
highest
hijacking
him
hindering
hiring
his
historic
historical
history
hns
hnt
hold
holder
holders
holding
holdings
holds
hole
holiday
holidays
holocaust
home
homes
homicide
honduras
honestly
honorary
honour
horizontal
hospital
hospitalized
host
hostage
hot
hour
hourly
hours
house
household
houses
housing
how
hub
human
humanitarian
humanities
humanity
humans
hunting
husband
hybrid
hydrate
hydro
hydrocarbon
hypothec
hypothecary
hypothecs
i
ia
iac
iaea
ibc
ice
iceland
idem
identical
identification
identifications
identified
identifier
identifiers
identify
identifying
identity
idling
iea
if
igniters
ignition
ignorance
ignored
ii
iii
ile
ill
illegal
illegally
illiterate
illness
image
images
imitation
immediate
immediately
immigrant
immigrating
immigration
imminent
immovables
immune
immunities
immunity
immunization
impact
impacts
impaired
impairment
impairs
impartiality
impeachment
impeded
impeding
imperative
imperial
implement
implementation
implemented
implementing
implied
imply
import
important
importation
importations
imported
importer
importers
importing
imports
impose
imposed
imposing
imposition
impression
imprisoned
imprisonment
improper
improperly
improvement
improvements
improvident
impurities
imputed
in
inability
inaccuracies
inaccurate
inadequate
inadmissibility
inadmissible
inadvertent
inadvertently
inapplicable
inappropriate
inboard
inc
incapacitated
incapacity
incarcerated
incarceration
incendiary
incentive
incentives
incident
incidental
incidents
incineration
incinerators
include
included
includes
including
inclusion
inclusions
income
incomes
incompatible
incompetency
incomplete
inconsistencies
inconsistency
inconsistent
incorporate
incorporated
incorporating
incorporation
incorporators
incorrect
increase
increased
increases
increasing
incremental
incriminating
incrimination
incumbency
incumbent
incurred
incurring
indebted
indebtedness
indecent
indefinite
indemnification
indemnify
indemnity
indentures
independence
independent
independently
indeterminate
index
indexation
indexed
indexing
indian
indians
indicated
indicating
indication
indications
indices
indictable
indictment
indigenous
indirect
individual
individuals
indoor
inducement
inducements
inducing
industrial
industries
industry
ine
ineffective
ineligibility
ineligible
inert
infant
infanticide
infected
infectious
inference
inferences
infested
infirm
infirmity
inflation
inflationary
influence
influencing
inform
informal
informality
informant
information
informations
informed
informing
infrastructure
infringement
infringements
ingredient
ingredients
initial
initialled
initialling
initials
initiate
initiated
initiating
initiation
initiative
initiatives
injunction
injunctions
injuring
injurious
injury
ink
inland
inmate
inmates
inner
innocence
innocent
innovative
inoperative
inorganic
input
inputs
inquire
inquired
inquirer
inquiries
inquiry
inside
insider
insiders
insignia
insignificant
insolvency
insolvent
inspect
inspected
inspecting
inspection
inspections
inspector
inspectors
installation
installations
installed
instalment
instalments
instant
instead
institute
instituted
institutes
institution
institutional
institutions
instructing
instruction
instructions
instrument
instruments
insubordinate
insufficient
insulation
insurable
insurance
insure
insured
insurer
insurers
insuring
intangible
integrated
integration
integrity
intellectual
intelligence
intended
intending
intensity
intent
intention
inter
interaction
interception
interconnected
interconnection
interconvertible
intercourse
interest
interested
interests
interference
interfering
intergovernmental
interim
interior
interlock
interlocutory
intermediary
intermediate
interment
intermittent
internal
internally
international
internationally
internet
interoperability
interpleader
interpolation
interpretation
interpreter
interprovincial
interrogatories
interruption
interswitching
interval
intervals
intervene
intervenor
intervenors
intervention
interventions
interview
intestacy
intestate
intimidation
into
intoxicants
intoxicating
intra
intransit
intraprovincial
introduced
introduction
introductory
intrusion
intrusive
inuit
inuk
inuvialuit
invalid
invalidate
invalidation
invalidity
invasive
invention
inventions
inventor
inventory
inversion
invest
investigate
investigated
investigation
investigations
investigative
investigator
investigators
investing
investment
investments
investor
investors
invitation
invited
inviting
invoice
invoices
involvement
involving
inweh
iodinated
iron
irradiation
irregular
irregularities
irregularity
irrelevant
irrevocability
irrevocable
irritant
irritation
is
island
islands
islet
israel
issuance
issue
issued
issuer
issuers
issues
issuing
it
itar
item
items
its
iv
ix
j
jambon
james
january
jeopardy
jet
job
john
join
joinder
joined
joining
joins
joint
jointly
jordan
journal
journalist
journals
journey
jt
judge
judges
judgment
judgments
judicial
july
june
juridical
jurisdiction
jurisdictions
juror
jurors
jury
just
justice
justices
justification
justified
justify
justifying
k
kanesatake
keep
keeping
kept
kerma
key
keying
kg
kidnapping
killing
kin
kind
kinds
kingston
kit
kits
knives
knowing
knowingly
knowledge
known
korea
korean
krt
kw
l
la
label
labelled
labelling
labels
laboratories
laboratory
labour
labrador
lac
lack
lactation
lading
laid
lake
lakes
lambert
lamp
lamps
land
landed
landing
landlord
lands
language
languages
lapse
lapsing
large
lasalle
last
latching
late
later
latest
launch
laundering
laurier
law
lawful
lawfulness
lawrence
laws
lay
laying
layout
ldar
ldct
le
lead
leader
leadership
leaf
leaflet
leaflets
leak
leakage
leaks
lean
learning
lease
leased
leasehold
leases
leasing
least
leave
leaving
left
legal
legality
legally
legend
legibility
legislation
legislative
legislature
lend
lender
lenders
lending
length
les
less
lessee
lessees
lesser
lessor
lethal
lethality
letter
letters
level
levelling
levels
levied
levies
levy
lewisporte
liabilities
liability
liable
liaison
libel
liberty
librarian
librarians
libraries
library
licence
licences
license
licensed
licensee
licensees
licenses
licensing
lie
lien
liens
lieu
lieutenant
life
lifeboats
lifejacket
lifetime
lifting
light
lighters
lighthouses
lighting
like
likelihood
likely
limb
limit
limitation
limitations
limited
limiting
limits
line
lines
link
linked
links
liquid
liquidation
liquidator
liquidators
liquidity
liquids
liquor
liquors
list
listed
listing
lists
literacy
litigation
little
live
livestock
living
lloyd
load
loaded
loading
loan
loans
lobbying
local
locate
located
location
locations
locator
lock
locked
locker
locking
lockout
lockouts
locomotive
locomotives
log
logbook
long
longer
longueuil
look
loops
loose
losing
loss
losses
lost
lot
lots
lotteries
lottery
loudspeakers
lounge
low
lower
lowest
lrip
lsa
lsvccs
ltd
lumber
luminous
lump
luxury
lying
lymphohematopoietic
m
maanulth
machine
machinery
mackenzie
made
magazine
magazines
mail
mailable
mailed
mailing
main
maintain
maintained
maintaining
maintenance
majesty
major
majorities
majority
make
maker
makes
making
makivik
males
malfunction
malt
manage
managed
management
manager
managerial
managers
managing
mandamus
mandataries
mandatary
mandate
mandatory
manifestly
manitoba
manner
manners
manoeuvres
manslaughter
manual
manufactories
manufacture
manufactured
manufacturer
manufacturers
manufacturing
map
mapping
maps
march
margin
marginal
marie
marihuana
marine
mariner
maritime
mark
marked
market
marketing
markets
marking
markings
marks
marpol
marque
marrakesh
marriage
married
marsec
marshal
martial
marystown
masked
mass
master
masters
match
matchable
matchbooks
matches
material
materials
materiel
maternity
matrimonial
matter
matters
mattress
mature
maturity
maximum
may
mayor
meaning
meanings
means
measure
measured
measurement
measurements
measures
measuring
meat
mechanics
mechanism
mechanisms
medal
media
mediate
mediation
mediator
mediators
medical
medicinal
medicine
medium
meet
meeting
meetings
meets
member
members
membership
memberships
membre
memoranda
memorandum
memorial
memorials
men
mental
mentally
mentioned
menu
merchandise
merchant
merchantable
mercury
merged
merger
mergers
merit
merits
mesh
mess
message
messages
met
metal
metals
meter
meters
methane
method
methodologies
methodology
methods
methyl
metric
mexico
mfn
mgkg
micro
microbial
migratable
migratory
military
militiaman
million
mills
mine
mineral
minerals
mines
minimal
minimis
minimize
minimized
minimum
mining
minister
ministerial
ministers
ministries
minor
minors
mint
minutes
misapplying
miscarriage
miscellaneous
mischief
misclassified
misconduct
misdescription
misfired
misleading
misrepresentation
misrepresentations
missing
mission
missions
mistake
mistaken
mistakenly
mistakes
misuse
mitigate
mitigating
mitigation
mixed
mixture
mixtures
ml
mm
mobile
mobility
mode
model
models
modern
modes
modification
modifications
modified
modify
mohawk
moisture
monday
monetary
money
moneys
monitor
monitoring
monoxide
month
monthly
months
monument
monuments
moral
more
mortgage
mortgagee
mortgages
most
mother
motion
motions
motive
motives
motor
motors
mounds
mounted
movable
movables
move
moved
movement
movements
moving
mt
multi
multiculturalism
multilateral
multiple
multiples
multiplier
municipal
municipalities
municipality
murder
murders
museum
museums
music
musical
must
muster
mutiny
mutual
mutualization
mutuel
myers
n
nafo
nafta
name
named
nameplate
names
narcotic
naskapi
nation
national
nationality
nationals
nations
native
natural
nature
naval
navies
navigable
navigation
navy
near
nearest
neat
necessaries
necessary
necessity
necrosis
need
needed
needs
negative
neglect
neglecting
negligence
negligently
negotiable
negotiate
negotiated
negotiation
negotiations
negotiator
neighbouring
net
network
networking
networks
never
new
newfoundland
newly
news
newspaper
newspapers
next
nexus
nice
night
nil
nine
nisa
nisga
nitroglycerine
nitrosamines
nitrous
nls
no
nominal
nominate
nominated
nominating
nomination
nominations
nominee
nominees
non
nonapplication
none
normal
north
northern
northumberland
northwest
norway
not
notarial
notary
notation
notations
note
noted
notes
notice
notices
notification
notifications
notified
notify
notifying
noting
notional
notwithstanding
nova
novation
november
novo
noxious
nt
nuclear
nuclides
null
nullity
number
numbered
numbering
numbers
nunavut
nurnberger
nurse
nycomed
nzt
o
oath
oaths
oats
obey
obeyed
obeying
object
objected
objection
objections
objective
objectives
objector
objects
obligation
obligations
obligatory
obscene
observation
observations
observe
observer
observers
obstructing
obstruction
obstructions
obtain
obtained
obtaining
obvious
occupancy
occupant
occupation
occupational
occupied
occupier
occupy
occurred
occurrence
occurrences
occurs
oceans
october
odd
of
off
offence
offences
offender
offenders
offending
offensive
offer
offered
offeree
offering
offeror
offers
office
officer
officers
offices
official
officials
offs
offset
offsetting
offshore
ogdensburg
oil
oily
old
older
olympic
omission
omissions
omit
omitting
on
once
one
onerous
ongoing
only
ontario
onto
onus
open
opened
opening
openings
operate
operated
operating
operation
operational
operations
operator
operators
opinion
opinions
opportunities
opportunity
oppose
opposition
oppression
opt
opting
option
optional
options
optometrist
or
oral
orally
order
ordered
ordering
orders
ordinances
ordinarily
ordinary
organ
organic
organism
organisms
organization
organizational
organizations
organized
organizer
organs
orientation
origin
original
originally
originating
orleans
orphan
orphans
other
others
otherwise
out
outcome
outdoor
outer
outfitting
outlay
outlays
output
outside
outstanding
over
overboard
overdue
overhead
overissue
overlapping
overpayment
overpayments
overridden
override
overseas
oversight
overt
overtime
overview
owed
owing
own
owned
owner
owners
ownership
oxide
oyster
ozone
p
pacific
package
packaged
packages
packaging
packaginglabelling
page
pages
paid
paired
pairs
panama
panel
panels
paper
papers
par
para
paragraph
paragraphs
parallel
paralympic
parameter
parameters
paramount
paramountcy
parcel
parcelled
pardon
pardons
parent
parental
parents
pari
park
parked
parking
parks
parliament
parliamentarian
parliamentarians
parliamentary
parliaments
parole
part
parte
partial
partially
participant
participants
participate
participating
participation
particular
particulars
particulate
parties
partisan
partly
partner
partners
partnership
partnerships
parts
party
pass
passage
passed
passenger
passengers
passes
passing
passport
past
pat
patent
patented
patentee
patents
path
pathogens
patient
patients
patronage
pattern
paul
pay
payable
payee
payees
payer
paying
payment
payments
pays
pcb
pcbs
peace
pecuniary
penalties
penalty
pending
penitentiaries
penitentiary
pension
pensionable
pensioner
pensioners
pensions
people
peoples
per
percentage
percentages
percussion
peremptory
perfect
perfecting
perforated
perform
performance
performances
performed
performer
performers
performing
perils
perimeter
period
periodic
periodical
periods
perishable
perjury
permanent
permanently
permissible
permission
permissive
permit
permits
permitted
permittee
permitting
persistent
person
personal
personally
personam
personation
personnel
persons
persuasion
pertaining
pertinency
pertinent
peru
pest
pests
peterborough
petition
petitions
petro
petroleum
ph
pharmacist
phase
phased
photocopies
photograph
photographic
photographs
physical
physician
piece
pier
pigment
pile
pilot
pilotage
pilots
pinching
pipeline
pipelines
pipes
piping
pistol
pits
place
placed
placement
places
placing
plaintiff
plan
planned
planning
plans
plant
plants
plastic
plates
platform
platforms
plea
pleaded
pleading
pleadings
pleads
pleas
pleasure
plebiscites
pledge
pledgee
pledges
pledging
plotting
plug
pneumatic
point
points
polar
police
policies
policing
policy
policyholder
policyholders
political
politically
poll
polling
polls
pollutant
pollutants
pollution
polygamy
pool
pooled
pooling
population
pornography
port
portable
portefeuille
portfolio
portion
portions
ports
position
positions
positive
possess
possessed
possessing
possession
possibility
possible
post
postage
postal
posted
posters
posthumous
posting
postings
postmaster
postpone
postponed
postponement
postponements
postponing
posts
potential
pounds
powder
power
powered
powers
ppp
practice
practices
practitioner
practitioners
pre
preamble
precautionary
precautions
precedence
precedent
precedential
preceding
precious
precision
preclearance
precluded
precludes
precondition
preconditions
precursors
predecessor
predominant
preexisting
prefer
preference
preferences
preferential
preferred
preferring
pregnancy
preheated
prejudgment
prejudice
prejudiced
prejudicial
preliminary
premature
premises
premium
premiums
prepackaged
prepaid
preparation
preparatory
prepare
prepared
preparedness
preparer
preparing
prepayment
prepayments
preponderant
prepublication
prerogative
prescribe
prescribed
prescribing
prescription
presence
present
presentation
presented
presenting
presentment
preservation
preserve
preserved
preside
president
presidents
presiding
pressure
pressurized
presumed
presumption
presumptions
pretence
pretending
prevail
prevailing
prevails
prevent
prevented
preventing
prevention
preventive
previous
previously
price
prices
pricing
primacy
primarily
primary
prime
prince
principal
principle
principles
print
printed
printer
printing
printouts
prior
priorities
priority
prison
prisoner
prisoners
prisons
privacy
private
privilege
privileged
privileges
privy
prize
prizes
probable
probation
probationary
probative
proccedings
procedural
procedure
procedures
proceed
proceeded
proceeding
proceedings
proceeds
process
processed
processes
processing
processor
proclaimed
proclamation
proclamations
procure
procurement
procuring
produce
produced
producer
producers
produces
producing
product
production
products
professional
professionals
proficiency
profile
profit
profits
program
programme
programming
programs
progress
progressive
prohibit
prohibited
prohibiting
prohibition
prohibitions
prohibitory
project
projection
projects
promise
promissory
promote
promoting
promotion
promotional
promotions
promulgation
pronounced
pronouncement
proof
propagating
propellant
proper
properly
properties
property
proponent
proportion
proportional
proportionality
proportionate
proportions
proposal
proposals
proposed
proposing
proprietor
proprietorship
prorated
prorating
proration
prorogation
prosecute
prosecution
prosecutions
prosecutor
prosecutors
prospecting
prospectus
protect
protected
protectee
protection
protective
protest
prothonotaries
prothonotary
protocol
provable
prove
proved
provide
provided
provider
providers
provides
providing
province
provinces
provincial
provincially
proving
provision
provisional
provisions
proviso
provost
proxies
proximity
proxy
proxyholder
proxyholders
prpp
prudential
pseudonymous
psychological
pt
public
publication
publications
publicizing
publicly
publish
published
publisher
publishing
pump
pumps
punishable
punished
punishment
punishments
punitive
purchase
purchased
purchaser
purchasers
purchases
purging
purple
purported
purpose
purposes
pursuant
pursue
pursued
pursuit
put
puts
putting
pyrotechnician
pyrotechnics
quadrennial
qualification
qualifications
qualified
qualifying
quality
quantification
quantitative
quantities
quantity
quantum
quarantine
quarries
quarter
quarterly
quarters
quash
quashed
quashing
quebec
queen
query
question
questioning
questionnaire
questionnaires
questions
quick
quo
quorum
quota
r
racing
radiation
radio
radioactive
rail
railway
railways
raised
raising
range
ranges
rank
ranking
ranks
rate
rated
rates
ratification
ratified
rating
ratio
ratios
raw
ray
rca
rcmp
rdsp
re
reach
reached
reaches
reacquisition
read
readability
readable
readiness
reading
readjustment
real
realization
realizations
reallocation
realty
reappointment
rear
reason
reasonable
reasonableness
reasonably
reasons
reassessment
reassessments
reassign
reassignment
rebate
rebates
rebuttal
recalculation
recall
recapture
recaptured
receipt
receipts
receivable
receive
received
receiver
receivers
receivership
receives
receiving
recent
reception
recess
recipient
recipients
reciprocal
reciprocity
reckoned
reclaim
reclamation
reclassification
recognition
recognizance
recognizances
recognized
recognizing
recommencement
recommendation
recommendations
recommitment
recommittal
recomputation
reconciliation
reconsider
reconsideration
record
recorded
recorder
recording
recordings
records
recount
recourse
recover
recoverable
recovered
recovery
recreational
recrediting
rectifiable
rectification
rectified
rectify
recusal
recyclable
redacted
redelivery
redemption
redemptions
redetermination
redress
reduce
reduced
reducing
reduction
reductions
reef
refer
referee
referees
reference
references
referencing
referenda
referendum
referrable
referral
referrals
referred
referring
refillable
refilling
refrigerants
refugee
refugees
refund
refundable
refunded
refunding
refunds
refusal
refusals
refuse
refused
refuses
refusing
regard
regarded
regarding
regardless
regime
region
regional
regions
register
registered
registering
registers
registrability
registrable
registrant
registrants
registrar
registrars
registration
registrations
registries
registry
regular
regularly
regulated
regulating
regulation
regulations
regulator
regulatory
rehabilitation
rehearing
reimbursable
reimburse
reimbursement
reimbursements
reimposed
reimposition
reinspection
reinstate
reinstated
reinstatement
reinsurance
reinsure
reintegration
reissue
reject
rejected
rejection
relate
related
relates
relating
relation
relations
relationship
relationships
relative
relatives
relaxation
release
released
releases
relevant
reliability
reliance
relief
relieve
relieved
relieving
religion
religious
relinquish
relinquishing
relinquishment
relocation
rem
remain
remainder
remaining
remains
remand
remanufacturers
remarks
remedial
remedies
remedy
remedying
remembrance
remission
remit
remittal
remittance
remitted
remitting
remote
removable
removal
remove
removed
removing
remuneration
render
rendered
rendering
renegotiation
renew
renewable
renewal
renewals
renewed
renounce
renovation
rent
rental
rents
renunciation
renunciations
reopen
reopening
reorganization
reorganizations
repaid
repair
repairs
reparation
repatriation
repay
repayable
repayment
repayments
repeal
repealed
repeals
repeat
repeated
replaced
replacement
replacements
replaces
replacing
replicates
replies
reply
replying
report
reportable
reported
reporting
reports
repositioning
repossession
represent
representation
representations
representative
representatives
represented
representing
represents
reprisal
reproduced
reproduction
reproductions
reproductive
republic
reputation
request
requested
requesting
requests
require
required
requirement
requirements
requires
requiring
requisites
requisition
requisitioned
requisitions
resale
rescind
rescinded
rescinding
rescission
rescue
resealing
research
researchers
resell
reseller
resemble
reservation
reservations
reserve
reserved
reserves
reserving
reservist
reservists
reservoir
reside
residence
residency
resident
residential
residents
residing
residual
residue
residues
resign
resignation
resiliate
resiliation
resistance
resistant
resolution
resolutions
resolve
resolved
resource
resources
resp
respect
respecting
respiratory
respond
respondent
respondents
responding
response
responses
responsibilities
responsibility
responsible
restarted
restated
restatement
restitution
restocking
restoration
restore
restored
restoring
restrain
restraining
restraint
restrict
restricted
restricting
restriction
restrictions
restrictive
restructuring
result
resulting
results
resume
resumption
resupply
retail
retailer
retain
retained
retainer
retaining
retains
retaliation
retardant
retention
retire
retired
retirement
retiring
retrait
retrieval
retroactive
retroactivity
retrospective
return
returnable
returned
returning
returns
reuse
revaluation
revenue
revenues
reversal
reversed
reversion
revert
review
reviewable
reviewed
reviewing
reviews
revise
revised
revising
revision
revisions
revival
revived
revocable
revocation
revoke
revoked
revoking
revolving
reward
rica
rich
ridden
riders
rigging
right
rights
rigid
rimouski
riot
rise
risk
risks
river
road
roads
robbery
rocket
rockets
role
roll
rolling
rollover
rome
roof
room
roster
rota
rough
round
rounding
route
routine
royal
royalties
royalty
rpp
rrif
rrsp
rrsps
rule
rules
ruling
rulings
running
runs
rural
s
sable
sacrifice
safe
safeguard
safeguarded
safeguards
safekeeping
safety
sahtu
salaries
salary
sale
sales
salvage
same
sample
samples
sampling
sanction
sanctioned
sanctions
sanitation
saskatchewan
satellite
satisfaction
satisfactory
satisfied
satisfy
save
saved
saving
savings
scale
scene
sch
schedule
scheduled
schedules
scheduling
scheme
scholarships
school
schools
science
sciences
scientific
scope
score
scotia
scrap
screen
screening
scrip
scrutiny
sda
sea
seabed
seal
sealed
sealing
seals
seaman
search
searches
searle
seas
seat
seaway
seaworthiness
seaworthy
sechelt
second
secondary
seconded
secondment
secrecy
secret
secretariat
secretaries
secretary
secrets
section
sections
sector
secure
secured
securing
securities
security
sedentary
seditious
seed
seeds
seek
seeking
segregated
segregation
seize
seized
seizing
seizure
seizures
select
selected
selection
self
sell
seller
sellers
selling
semen
semi
senate
senators
send
sender
sending
senior
seniority
sense
sensing
sensitive
sensitizer
sensory
sent
sentence
sentenced
sentences
sentencing
separate
separately
separation
september
sequence
sequestration
sequestrator
serial
series
serious
servant
servants
serve
served
service
services
servicing
serving
session
sessional
sessions
set
setting
settle
settled
settlement
settlements
settler
settlers
settlor
seul
seven
severability
several
severally
severance
severe
severity
sewage
sex
sexual
shall
shape
share
shared
shareholder
shareholders
shareholdings
shares
sharing
shearing
sheet
sheets
shelf
shell
shelter
shelters
sheriff
sheriffs
shift
ship
shipboard
shipment
shipments
shipper
shippers
shipping
ships
shooting
shop
short
shorten
shorter
shortfall
should
show
shown
shows
sick
sickness
side
sides
sidewalk
sidings
sift
sight
sightlines
sign
signal
signals
signatory
signature
signatures
signed
signer
significance
significant
signing
signs
silent
sima
similar
simple
simplified
simultaneous
simultaneously
since
singapore
single
sinking
sir
sister
site
sites
sitting
sittings
situated
situation
situations
situs
six
sixteen
sixty
size
sketch
ski
skill
skilled
skills
skin
slander
sleep
sleepwear
slide
slt
sludge
small
smoke
smokeless
smokers
smoking
smuggling
snuff
so
social
societe
societies
society
socio
soft
solas
sold
soldier
sole
solely
solemn
solicitation
soliciting
solicitor
solicitors
solid
solidarily
solidary
solids
solvency
solvents
some
soon
sought
sound
source
sources
south
sovereign
space
spaces
spacing
spark
speaker
speakers
special
specialization
specialized
specially
specialty
species
specific
specifically
specification
specifications
specificity
specified
specify
specifying
specimens
speed
spend
spending
spent
spill
spills
spirits
split
splitting
spoiled
sponsor
sponsored
sponsors
sponsorship
spontaneous
sport
spot
spousal
spouse
spouses
spray
spring
squeeze
squibb
sr
ss
stability
stabilization
stabilizing
stack
staff
staffing
stage
staggered
staging
staked
stakeholder
staking
stale
staleness
stamp
stamped
stamping
stamps
stand
standard
standardized
standards
standby
standing
stands
start
state
stated
statement
statements
states
station
stationing
stations
statistical
statistician
statistics
status
statute
statutes
statutory
stay
stayed
staying
stays
stcw
steal
stealing
steam
steps
sterile
stick
still
stipulated
stipulation
stock
stocks
stolen
stone
stones
stood
stop
stoppage
stopping
storage
store
stored
stores
storing
stowage
straddling
strap
straps
strategic
strategy
stratified
streamlined
street
strength
strict
stricter
strike
strikes
striking
strip
stroller
structural
structure
structured
structures
sts
student
students
studies
study
stuffing
style
sub
subcategories
subclasses
subcommittees
subconfiguration
subcriticality
subdelegation
subdivision
subfleets
subgroups
subject
submission
submissions
submit
submitted
submitting
submultiples
subordinate
subordinated
subpara
subparagraph
subparagraphs
subpoena
subpoenas
subrogated
subrogation
subrule
subscribers
subscription
subscriptions
subsection
subsections
subsequent
subsequently
subsidiaries
subsidiary
subsidies
subsidized
subsidizing
subsidy
subsistence
subsoil
substance
substances
substantial
substantially
substantiate
substantiated
substantiating
substantive
substitute
substituted
substitution
substitutional
substrate
subsurface
succeeded
successful
succession
successive
successor
successors
such
sue
sufficiency
sufficient
suggestion
suit
suitable
suits
sulphur
sum
summaries
summary
summer
summing
summon
summoned
summoning
summons
summonses
sums
sunday
sunset
superannuation
superficial
superficie
superintendent
superintendents
superior
supernumerary
supervise
supervised
supervising
supervision
supervisor
supervisors
supervisory
supp
supplement
supplemental
supplementary
supplements
supplied
supplier
suppliers
supplies
supply
supplying
support
supported
supporting
supports
suppression
supreme
surcharge
sureties
surety
surface
surfaces
surge
surgical
surplus
surrender
surrendered
surrogate
surtax
surveillance
survey
surveying
surveyor
surveys
survival
survives
surviving
survivor
survivors
suspected
suspend
suspended
suspending
suspension
suspensions
sustainable
sustained
sustaining
swaps
switch
sworn
sydney
symbol
symbols
synthetic
system
systemically
systems
t
tab
table
tabled
tables
tabling
tactics
tag
tags
take
taken
takes
taking
tally
tampering
tangible
tank
tankers
tanks
target
targeted
targets
tariff
tariffs
tasks
tax
taxable
taxation
taxed
taxes
taxi
taxing
taxpayer
taxpayers
tcp
teachers
tear
technical
technological
technologies
technology
telecommunication
telecommunications
teleconference
telemarketing
telephone
telephones
telesat
telewarrant
telewarrants
tell
temperature
template
templates
temporarily
temporary
ten
tenant
tender
tendering
tenders
tenure
term
terminal
terminals
terminate
terminated
terminates
termination
terminology
terms
terrain
territorial
territories
territory
terrorism
terrorist
test
testamentary
testify
testifying
testimonials
testimony
testing
tests
tether
tetlit
text
textile
tfsa
than
that
the
theft
their
themselves
therapeutic
there
thereafter
therein
thereof
thereon
these
thing
things
third
thirds
thirty
this
those
though
threat
threats
three
threshold
thresholds
through
throughout
throwing
thunderstorms
ticket
ticketing
tickets
tie
tied
tier
tiered
tile
timber
time
timeline
timelines
timeliness
times
timetable
timing
tin
tipping
tire
tires
tissue
tissues
title
titles
tla
tlicho
to
tobacco
together
tolls
tonnage
tonnes
too
tool
tools
top
topography
toronto
torso
total
totality
tour
tourism
towards
towed
towing
toxic
toxicity
toxins
toy
toys
trace
track
tracking
tracks
tract
tractors
trade
tradeable
traded
trademark
trademarks
trader
trades
tradesperson
trading
traditional
traditions
traffic
trafficking
trail
training
trains
transaction
transactions
transboundary
transcript
transcripts
transfer
transferability
transferable
transferee
transferor
transferrable
transferred
transferring
transfers
transform
transformation
transformers
transfused
transfusion
transhipment
transit
transition
transitional
translated
translation
translations
translator
transmissible
transmission
transmissions
transmit
transmittal
transmitted
transmitting
transplant
transplantation
transport
transportation
transported
transporter
transporting
transposed
trapping
travel
traveller
travellers
travelling
treason
treasurer
treasury
treat
treated
treaties
treating
treatment
treaty
treed
trespass
trespassing
triable
trial
trials
tribunal
tribunals
tried
triennial
trigger
triggering
trip
truckers
trucks
true
trust
trustee
trustees
trusts
truth
truthfully
try
trying
tsawwassen
tsd
tube
tubing
tuesday
tuition
tunnels
twelve
twenty
twice
two
type
types
uat
uccb
ukraine
ulceration
ultimate
umpire
un
unable
unaccompanied
unaccounted
unadjusted
unaffected
unaffiliated
unallocated
unaltered
unanimous
unassignable
unauthorized
unavailable
unavoidable
uncancellable
uncertain
unchanged
unclaimed
uncollectable
unconditional
uncontrolled
undeclared
undeducted
undelivered
under
undergo
underground
underpayment
underpayments
underrepresentation
underspending
understanding
undertake
undertaken
undertaking
undertakings
underwriter
underwriting
undischarged
undisclosed
undivided
undue
une
unemployment
unenforceable
unexpended
unexpired
unfair
unfairness
unfit
unfounded
unhcr
uniform
uniformity
uniforms
unimproved
unincorporated
union
unionized
unions
unique
unissued
unit
united
unitization
unitized
units
universal
universality
universities
university
unjust
unknown
unlawful
unlawfully
unless
unlicensed
unloaded
unloading
unmarked
unmarried
unnamed
unnecessary
unorganized
unpaid
unpublished
unreasonable
unregistered
unrevised
unsafe
unsanitary
unsatisfied
unscheduled
unsealed
unsolicited
unstamped
unsuitability
until
unused
unvalued
unwarranted
up
update
updated
updates
updating
upgrades
upheld
upon
upper
upstream
upward
urgency
urgent
urgently
urinalysis
usage
use
used
useful
usefulness
user
users
uses
using
ust
usvh
utilitarian
utilities
utility
utilize
uttering
v
vacancies
vacancy
vacant
vacate
vacated
vacation
valid
validated
validating
validation
validity
valley
valuable
valuation
valuations
value
valued
valuer
values
variable
variance
variances
variant
variation
variations
varied
varieties
various
vary
varying
vdrs
vehicle
vehicles
vendor
vendors
ventilation
venting
venture
ventures
venue
verbal
verdict
verdicts
verification
verified
verifier
verifiers
verify
verifying
version
versions
vertical
very
vessel
vessels
vest
vested
vesting
vests
veteran
veterans
veterinary
veto
vexatious
vi
via
vicarious
vice
victim
victims
victoria
video
viewing
views
vii
viii
violation
violations
violence
violent
virtual
virtue
visa
visibility
visible
visit
visitor
visitors
visits
visual
vitiated
vivos
voc
vocational
void
voidable
voided
voiding
volatile
voltage
volume
volumes
volumetric
voluntarily
voluntary
volunteer
vote
voted
voters
votes
voting
vouchee
voucher
vouching
voyage
w
wage
wages
wait
waiting
waive
waived
waiver
waivers
waiving
wall
want
war
warden
wardens
warehouse
warehoused
warehousing
wares
warning
warnings
warrant
warranties
warrantor
warrants
warranty
wars
was
washer
washing
waste
wastes
wastewater
water
waters
way
weapon
weapons
wear
wearing
webbing
website
websites
week
weekly
weeks
weighers
weighing
weight
weighted
weights
wekeezhii
welfare
well
were
western
what
wheat
when
where
wherever
whether
which
while
whistleblowing
who
whole
wholesaler
wholesaling
wholly
whom
whose
wide
widely
widow
wife
wild
wildlife
wilful
wilfully
will
wills
win
wind
winding
windings
wine
wines
wiring
wishes
with
withdraw
withdrawal
withdrawals
withdrawing
withdrawn
withheld
withholding
withholdings
within
without
witness
witnessed
witnesses
woman
wood
word
wording
words
work
worker
workers
working
workmen
workout
workouts
workplace
works
world
wound
wppt
wreck
writ
write
writing
writs
written
wrong
wrongdoings
wrongful
wto
x
xiii
xiv
xix
xvi
xviii
xx
xxi
xxvii
y
year
yearly
years
yield
young
your
youth
yukon
z
zero
zone
zones
zoning
